a Assembler Version 1.7    Mon Apr 11 06:15:25 2016

  LOC   MACHINE      ASSEMBLY
hex*dec  CODE          CODE

               ; Anthony B. Turner    Mon Apr 11 06:15:10 2016
               ; Output from s3 compiler
               ;    x = +3 + -2 + 1;
               ; kd=  3 bL=  1 bC=  4 eL=  1 eC=  4     im=x
               ; kd=  4 bL=  1 bC=  6 eL=  1 eC=  6     im==
0  *0    10E6            pc        x
               ; kd=  8 bL=  1 bC=  8 eL=  1 eC=  8     im=+
               ; kd=  2 bL=  1 bC=  9 eL=  1 eC=  9     im=3
               ; kd=  8 bL=  1 bC= 11 eL=  1 eC= 11     im=+
1  *1    F700            pwc       3
2  *2    0003
               ; kd=  9 bL=  1 bC= 13 eL=  1 eC= 13     im=-
               ; kd=  2 bL=  1 bC= 14 eL=  1 eC= 14     im=2
               ; kd=  8 bL=  1 bC= 16 eL=  1 eC= 16     im=+
3  *3    F700            pwc       2
4  *4    0002
5  *5    F100            add 
               ; kd=  2 bL=  1 bC= 18 eL=  1 eC= 18     im=1
               ; kd=  5 bL=  1 bC= 19 eL=  1 eC= 19     im=;
6  *6    F700            pwc       1
7  *7    0001
8  *8    F100            add 
9  *9    F300            stav
               ;    y = x;
               ; kd=  3 bL=  2 bC=  4 eL=  2 eC=  4     im=y
               ; kd=  4 bL=  2 bC=  6 eL=  2 eC=  6     im==
A  *10   10E7            pc        y
               ; kd=  3 bL=  2 bC=  8 eL=  2 eC=  8     im=x
               ; kd=  5 bL=  2 bC=  9 eL=  2 eC=  9     im=;
B  *11   00E6            p         x
C  *12   F300            stav
               ;    z = x*(2 + y) + (((4099)));
               ; kd=  3 bL=  3 bC=  4 eL=  3 eC=  4     im=z
               ; kd=  4 bL=  3 bC=  6 eL=  3 eC=  6     im==
D  *13   10E8            pc        z
               ; kd=  3 bL=  3 bC=  8 eL=  3 eC=  8     im=x
               ; kd= 10 bL=  3 bC=  9 eL=  3 eC=  9     im=*
E  *14   00E6            p         x
               ; kd=  6 bL=  3 bC= 10 eL=  3 eC= 10     im=(
               ; kd=  2 bL=  3 bC= 11 eL=  3 eC= 11     im=2
               ; kd=  8 bL=  3 bC= 13 eL=  3 eC= 13     im=+
F  *15   F700            pwc       2
10 *16   0002
               ; kd=  3 bL=  3 bC= 15 eL=  3 eC= 15     im=y
               ; kd=  7 bL=  3 bC= 16 eL=  3 eC= 16     im=)
11 *17   00E7            p         y
12 *18   F100            add 
               ; kd=  8 bL=  3 bC= 18 eL=  3 eC= 18     im=+
13 *19   FF40            mult
               ; kd=  6 bL=  3 bC= 20 eL=  3 eC= 20     im=(
               ; kd=  6 bL=  3 bC= 21 eL=  3 eC= 21     im=(
               ; kd=  6 bL=  3 bC= 22 eL=  3 eC= 22     im=(
               ; kd=  2 bL=  3 bC= 23 eL=  3 eC= 26     im=4099
               ; kd=  7 bL=  3 bC= 27 eL=  3 eC= 27     im=)
14 *20   F700            pwc       4099
15 *21   1003
               ; kd=  7 bL=  3 bC= 28 eL=  3 eC= 28     im=)
               ; kd=  7 bL=  3 bC= 29 eL=  3 eC= 29     im=)
               ; kd=  5 bL=  3 bC= 30 eL=  3 eC= 30     im=;
16 *22   F100            add 
17 *23   F300            stav
               ;    println(z + x + -2);
               ; kd=  1 bL=  4 bC=  4 eL=  4 eC= 10     im=println
               ; kd=  6 bL=  4 bC= 11 eL=  4 eC= 11     im=(
               ; kd=  3 bL=  4 bC= 12 eL=  4 eC= 12     im=z
               ; kd=  8 bL=  4 bC= 14 eL=  4 eC= 14     im=+
18 *24   00E8            p         z
               ; kd=  3 bL=  4 bC= 16 eL=  4 eC= 16     im=x
               ; kd=  8 bL=  4 bC= 18 eL=  4 eC= 18     im=+
19 *25   00E6            p         x
1A *26   F100            add 
               ; kd=  9 bL=  4 bC= 20 eL=  4 eC= 20     im=-
               ; kd=  2 bL=  4 bC= 21 eL=  4 eC= 21     im=2
               ; kd=  7 bL=  4 bC= 22 eL=  4 eC= 22     im=)
1B *27   F700            pwc       2
1C *28   0002
1D *29   F100            add 
1E *30   FFFD            dout
1F *31   100A            pc        '\n'
20 *32   FFFB            aout
               ; kd=  5 bL=  4 bC= 23 eL=  4 eC= 23     im=;
               ;    println(4107);
               ; kd=  1 bL=  5 bC=  4 eL=  5 eC= 10     im=println
               ; kd=  6 bL=  5 bC= 11 eL=  5 eC= 11     im=(
               ; kd=  2 bL=  5 bC= 12 eL=  5 eC= 15     im=4107
               ; kd=  7 bL=  5 bC= 16 eL=  5 eC= 16     im=)
21 *33   F700            pwc       4107
22 *34   100B
23 *35   FFFD            dout
24 *36   100A            pc        '\n'
25 *37   FFFB            aout
               ; kd=  5 bL=  5 bC= 17 eL=  5 eC= 17     im=;
               ;    println("S1 test done");
               ; kd=  1 bL=  6 bC=  4 eL=  6 eC= 10     im=println
               ; kd=  6 bL=  6 bC= 11 eL=  6 eC= 11     im=(
               ; kd= 16 bL=  6 bC= 12 eL=  6 eC= 25     im="S1 test done"
               ; kd=  7 bL=  6 bC= 26 eL=  6 eC= 26     im=)
26 *38   10EA            pc        @L0
27 *39   FFF7            sout
28 *40   100A            pc        '\n'
29 *41   FFFB            aout
               ; kd=  5 bL=  6 bC= 27 eL=  6 eC= 27     im=;
               ; //==========================================================
               ; // Add support for subtraction, division, null statement, 
               ; // compound statement, print statement, and single-line
               ; // comments.
               ;    println((z - (x - 50)   // comment in middle of statement
               ; kd=  1 bL= 11 bC=  4 eL= 11 eC= 10     im=println
               ; kd=  6 bL= 11 bC= 11 eL= 11 eC= 11     im=(
               ; kd=  6 bL= 11 bC= 12 eL= 11 eC= 12     im=(
               ; kd=  3 bL= 11 bC= 13 eL= 11 eC= 13     im=z
               ; kd=  9 bL= 11 bC= 15 eL= 11 eC= 15     im=-
2A *42   00E8            p         z
               ; kd=  6 bL= 11 bC= 17 eL= 11 eC= 17     im=(
               ; kd=  3 bL= 11 bC= 18 eL= 11 eC= 18     im=x
               ; kd=  9 bL= 11 bC= 20 eL= 11 eC= 20     im=-
2B *43   00E6            p         x
               ; kd=  2 bL= 11 bC= 22 eL= 11 eC= 23     im=50
               ; kd=  7 bL= 11 bC= 24 eL= 11 eC= 24     im=)
2C *44   F700            pwc       50
2D *45   0032
2E *46   F200            sub 
               ;         ) / 2 - x);
               ; kd=  7 bL= 12 bC=  9 eL= 12 eC=  9     im=)
2F *47   F200            sub 
               ; kd= 11 bL= 12 bC= 11 eL= 12 eC= 11     im=/
               ; kd=  2 bL= 12 bC= 13 eL= 12 eC= 13     im=2
               ; kd=  9 bL= 12 bC= 15 eL= 12 eC= 15     im=-
30 *48   F700            pwc       2
31 *49   0002
32 *50   FF50            div 
               ; kd=  3 bL= 12 bC= 17 eL= 12 eC= 17     im=x
               ; kd=  7 bL= 12 bC= 18 eL= 12 eC= 18     im=)
33 *51   00E6            p         x
34 *52   F200            sub 
35 *53   FFFD            dout
36 *54   100A            pc        '\n'
37 *55   FFFB            aout
               ; kd=  5 bL= 12 bC= 19 eL= 12 eC= 19     im=;
               ;    println(2075);
               ; kd=  1 bL= 13 bC=  4 eL= 13 eC= 10     im=println
               ; kd=  6 bL= 13 bC= 11 eL= 13 eC= 11     im=(
               ; kd=  2 bL= 13 bC= 12 eL= 13 eC= 15     im=2075
               ; kd=  7 bL= 13 bC= 16 eL= 13 eC= 16     im=)
38 *56   F700            pwc       2075
39 *57   081B
3A *58   FFFD            dout
3B *59   100A            pc        '\n'
3C *60   FFFB            aout
               ; kd=  5 bL= 13 bC= 17 eL= 13 eC= 17     im=;
               ;    ;                       // null statement 
               ; kd=  5 bL= 14 bC=  4 eL= 14 eC=  4     im=;
               ;    {{;                     // compound statement
               ; kd= 12 bL= 15 bC=  4 eL= 15 eC=  4     im={
               ; kd= 12 bL= 15 bC=  5 eL= 15 eC=  5     im={
               ; kd=  5 bL= 15 bC=  6 eL= 15 eC=  6     im=;
               ;       {
               ; kd= 12 bL= 16 bC=  7 eL= 16 eC=  7     im={
               ;       x = 10;  
               ; kd=  3 bL= 17 bC=  7 eL= 17 eC=  7     im=x
               ; kd=  4 bL= 17 bC=  9 eL= 17 eC=  9     im==
3D *61   10E6            pc        x
               ; kd=  2 bL= 17 bC= 11 eL= 17 eC= 12     im=10
               ; kd=  5 bL= 17 bC= 13 eL= 17 eC= 13     im=;
3E *62   F700            pwc       10
3F *63   000A
40 *64   F300            stav
               ;       ;
               ; kd=  5 bL= 18 bC=  7 eL= 18 eC=  7     im=;
               ;       y = 20;
               ; kd=  3 bL= 19 bC=  7 eL= 19 eC=  7     im=y
               ; kd=  4 bL= 19 bC=  9 eL= 19 eC=  9     im==
41 *65   10E7            pc        y
               ; kd=  2 bL= 19 bC= 11 eL= 19 eC= 12     im=20
               ; kd=  5 bL= 19 bC= 13 eL= 19 eC= 13     im=;
42 *66   F700            pwc       20
43 *67   0014
44 *68   F300            stav
               ;    }};}
               ; kd= 13 bL= 20 bC=  4 eL= 20 eC=  4     im=}
               ; kd= 13 bL= 20 bC=  5 eL= 20 eC=  5     im=}
               ; kd=  5 bL= 20 bC=  6 eL= 20 eC=  6     im=;
               ; kd= 13 bL= 20 bC=  7 eL= 20 eC=  7     im=}
               ;    {}
               ; kd= 12 bL= 21 bC=  4 eL= 21 eC=  4     im={
               ; kd= 13 bL= 21 bC=  5 eL= 21 eC=  5     im=}
               ;    print(x);
               ; kd= 14 bL= 22 bC=  4 eL= 22 eC=  8     im=print
               ; kd=  6 bL= 22 bC=  9 eL= 22 eC=  9     im=(
               ; kd=  3 bL= 22 bC= 10 eL= 22 eC= 10     im=x
               ; kd=  7 bL= 22 bC= 11 eL= 22 eC= 11     im=)
45 *69   00E6            p         x
46 *70   FFFD            dout
               ; kd=  5 bL= 22 bC= 12 eL= 22 eC= 12     im=;
               ;    println(x);
               ; kd=  1 bL= 23 bC=  4 eL= 23 eC= 10     im=println
               ; kd=  6 bL= 23 bC= 11 eL= 23 eC= 11     im=(
               ; kd=  3 bL= 23 bC= 12 eL= 23 eC= 12     im=x
               ; kd=  7 bL= 23 bC= 13 eL= 23 eC= 13     im=)
47 *71   00E6            p         x
48 *72   FFFD            dout
49 *73   100A            pc        '\n'
4A *74   FFFB            aout
               ; kd=  5 bL= 23 bC= 14 eL= 23 eC= 14     im=;
               ;    println(1010);
               ; kd=  1 bL= 24 bC=  4 eL= 24 eC= 10     im=println
               ; kd=  6 bL= 24 bC= 11 eL= 24 eC= 11     im=(
               ; kd=  2 bL= 24 bC= 12 eL= 24 eC= 15     im=1010
               ; kd=  7 bL= 24 bC= 16 eL= 24 eC= 16     im=)
4B *75   F700            pwc       1010
4C *76   03F2
4D *77   FFFD            dout
4E *78   100A            pc        '\n'
4F *79   FFFB            aout
               ; kd=  5 bL= 24 bC= 17 eL= 24 eC= 17     im=;
               ;    println(y);
               ; kd=  1 bL= 25 bC=  4 eL= 25 eC= 10     im=println
               ; kd=  6 bL= 25 bC= 11 eL= 25 eC= 11     im=(
               ; kd=  3 bL= 25 bC= 12 eL= 25 eC= 12     im=y
               ; kd=  7 bL= 25 bC= 13 eL= 25 eC= 13     im=)
50 *80   00E7            p         y
51 *81   FFFD            dout
52 *82   100A            pc        '\n'
53 *83   FFFB            aout
               ; kd=  5 bL= 25 bC= 14 eL= 25 eC= 14     im=;
               ;    println(20);
               ; kd=  1 bL= 26 bC=  4 eL= 26 eC= 10     im=println
               ; kd=  6 bL= 26 bC= 11 eL= 26 eC= 11     im=(
               ; kd=  2 bL= 26 bC= 12 eL= 26 eC= 13     im=20
               ; kd=  7 bL= 26 bC= 14 eL= 26 eC= 14     im=)
54 *84   F700            pwc       20
55 *85   0014
56 *86   FFFD            dout
57 *87   100A            pc        '\n'
58 *88   FFFB            aout
               ; kd=  5 bL= 26 bC= 15 eL= 26 eC= 15     im=;
               ;    x = 1 + (2 + (3+ 4));
               ; kd=  3 bL= 27 bC=  4 eL= 27 eC=  4     im=x
               ; kd=  4 bL= 27 bC=  6 eL= 27 eC=  6     im==
59 *89   10E6            pc        x
               ; kd=  2 bL= 27 bC=  8 eL= 27 eC=  8     im=1
               ; kd=  8 bL= 27 bC= 10 eL= 27 eC= 10     im=+
5A *90   F700            pwc       1
5B *91   0001
               ; kd=  6 bL= 27 bC= 12 eL= 27 eC= 12     im=(
               ; kd=  2 bL= 27 bC= 13 eL= 27 eC= 13     im=2
               ; kd=  8 bL= 27 bC= 15 eL= 27 eC= 15     im=+
5C *92   F700            pwc       2
5D *93   0002
               ; kd=  6 bL= 27 bC= 17 eL= 27 eC= 17     im=(
               ; kd=  2 bL= 27 bC= 18 eL= 27 eC= 18     im=3
               ; kd=  8 bL= 27 bC= 19 eL= 27 eC= 19     im=+
5E *94   F700            pwc       3
5F *95   0003
               ; kd=  2 bL= 27 bC= 21 eL= 27 eC= 21     im=4
               ; kd=  7 bL= 27 bC= 22 eL= 27 eC= 22     im=)
60 *96   F700            pwc       4
61 *97   0004
62 *98   F100            add 
               ; kd=  7 bL= 27 bC= 23 eL= 27 eC= 23     im=)
63 *99   F100            add 
               ; kd=  5 bL= 27 bC= 24 eL= 27 eC= 24     im=;
64 *100  F100            add 
65 *101  F300            stav
               ;    println(x);
               ; kd=  1 bL= 28 bC=  4 eL= 28 eC= 10     im=println
               ; kd=  6 bL= 28 bC= 11 eL= 28 eC= 11     im=(
               ; kd=  3 bL= 28 bC= 12 eL= 28 eC= 12     im=x
               ; kd=  7 bL= 28 bC= 13 eL= 28 eC= 13     im=)
66 *102  00E6            p         x
67 *103  FFFD            dout
68 *104  100A            pc        '\n'
69 *105  FFFB            aout
               ; kd=  5 bL= 28 bC= 14 eL= 28 eC= 14     im=;
               ;    println(10);
               ; kd=  1 bL= 29 bC=  4 eL= 29 eC= 10     im=println
               ; kd=  6 bL= 29 bC= 11 eL= 29 eC= 11     im=(
               ; kd=  2 bL= 29 bC= 12 eL= 29 eC= 13     im=10
               ; kd=  7 bL= 29 bC= 14 eL= 29 eC= 14     im=)
6A *106  F700            pwc       10
6B *107  000A
6C *108  FFFD            dout
6D *109  100A            pc        '\n'
6E *110  FFFB            aout
               ; kd=  5 bL= 29 bC= 15 eL= 29 eC= 15     im=;
               ;    x = 1 + 2 + 3 + 4 + 5;
               ; kd=  3 bL= 30 bC=  4 eL= 30 eC=  4     im=x
               ; kd=  4 bL= 30 bC=  6 eL= 30 eC=  6     im==
6F *111  10E6            pc        x
               ; kd=  2 bL= 30 bC=  8 eL= 30 eC=  8     im=1
               ; kd=  8 bL= 30 bC= 10 eL= 30 eC= 10     im=+
70 *112  F700            pwc       1
71 *113  0001
               ; kd=  2 bL= 30 bC= 12 eL= 30 eC= 12     im=2
               ; kd=  8 bL= 30 bC= 14 eL= 30 eC= 14     im=+
72 *114  F700            pwc       2
73 *115  0002
74 *116  F100            add 
               ; kd=  2 bL= 30 bC= 16 eL= 30 eC= 16     im=3
               ; kd=  8 bL= 30 bC= 18 eL= 30 eC= 18     im=+
75 *117  F700            pwc       3
76 *118  0003
77 *119  F100            add 
               ; kd=  2 bL= 30 bC= 20 eL= 30 eC= 20     im=4
               ; kd=  8 bL= 30 bC= 22 eL= 30 eC= 22     im=+
78 *120  F700            pwc       4
79 *121  0004
7A *122  F100            add 
               ; kd=  2 bL= 30 bC= 24 eL= 30 eC= 24     im=5
               ; kd=  5 bL= 30 bC= 25 eL= 30 eC= 25     im=;
7B *123  F700            pwc       5
7C *124  0005
7D *125  F100            add 
7E *126  F300            stav
               ;    println(x);
               ; kd=  1 bL= 31 bC=  4 eL= 31 eC= 10     im=println
               ; kd=  6 bL= 31 bC= 11 eL= 31 eC= 11     im=(
               ; kd=  3 bL= 31 bC= 12 eL= 31 eC= 12     im=x
               ; kd=  7 bL= 31 bC= 13 eL= 31 eC= 13     im=)
7F *127  00E6            p         x
80 *128  FFFD            dout
81 *129  100A            pc        '\n'
82 *130  FFFB            aout
               ; kd=  5 bL= 31 bC= 14 eL= 31 eC= 14     im=;
               ;    println(15);
               ; kd=  1 bL= 32 bC=  4 eL= 32 eC= 10     im=println
               ; kd=  6 bL= 32 bC= 11 eL= 32 eC= 11     im=(
               ; kd=  2 bL= 32 bC= 12 eL= 32 eC= 13     im=15
               ; kd=  7 bL= 32 bC= 14 eL= 32 eC= 14     im=)
83 *131  F700            pwc       15
84 *132  000F
85 *133  FFFD            dout
86 *134  100A            pc        '\n'
87 *135  FFFB            aout
               ; kd=  5 bL= 32 bC= 15 eL= 32 eC= 15     im=;
               ;    println("S2 test done");
               ; kd=  1 bL= 33 bC=  4 eL= 33 eC= 10     im=println
               ; kd=  6 bL= 33 bC= 11 eL= 33 eC= 11     im=(
               ; kd= 16 bL= 33 bC= 12 eL= 33 eC= 25     im="S2 test done"
               ; kd=  7 bL= 33 bC= 26 eL= 33 eC= 26     im=)
88 *136  10F7            pc        @L1
89 *137  FFF7            sout
8A *138  100A            pc        '\n'
8B *139  FFFB            aout
               ; kd=  5 bL= 33 bC= 27 eL= 33 eC= 27     im=;
               ; //==========================================================
               ; // Add support, println with zero arguments, println and 
               ; // print with string argument, cascaded assignment 
               ; // statement, unary plus and minus, and readint statement.
               ;    println("four lines follow");
               ; kd=  1 bL= 38 bC=  4 eL= 38 eC= 10     im=println
               ; kd=  6 bL= 38 bC= 11 eL= 38 eC= 11     im=(
               ; kd= 16 bL= 38 bC= 12 eL= 38 eC= 30     im="four lines follow"
               ; kd=  7 bL= 38 bC= 31 eL= 38 eC= 31     im=)
8C *140  1104            pc        @L2
8D *141  FFF7            sout
8E *142  100A            pc        '\n'
8F *143  FFFB            aout
               ; kd=  5 bL= 38 bC= 32 eL= 38 eC= 32     im=;
               ;    print("one line");
               ; kd= 14 bL= 39 bC=  4 eL= 39 eC=  8     im=print
               ; kd=  6 bL= 39 bC=  9 eL= 39 eC=  9     im=(
               ; kd= 16 bL= 39 bC= 10 eL= 39 eC= 19     im="one line"
               ; kd=  7 bL= 39 bC= 20 eL= 39 eC= 20     im=)
90 *144  1116            pc        @L3
91 *145  FFF7            sout
               ; kd=  5 bL= 39 bC= 21 eL= 39 eC= 21     im=;
               ;    println();
               ; kd=  1 bL= 40 bC=  4 eL= 40 eC= 10     im=println
               ; kd=  6 bL= 40 bC= 11 eL= 40 eC= 11     im=(
               ; kd=  7 bL= 40 bC= 12 eL= 40 eC= 12     im=)
92 *146  100A            pc        '\n'
93 *147  FFFB            aout
               ; kd=  5 bL= 40 bC= 13 eL= 40 eC= 13     im=;
               ;    println("one line");
               ; kd=  1 bL= 41 bC=  4 eL= 41 eC= 10     im=println
               ; kd=  6 bL= 41 bC= 11 eL= 41 eC= 11     im=(
               ; kd= 16 bL= 41 bC= 12 eL= 41 eC= 21     im="one line"
               ; kd=  7 bL= 41 bC= 22 eL= 41 eC= 22     im=)
94 *148  111F            pc        @L4
95 *149  FFF7            sout
96 *150  100A            pc        '\n'
97 *151  FFFB            aout
               ; kd=  5 bL= 41 bC= 23 eL= 41 eC= 23     im=;
               ;    println("third line\nfourth line");
               ; kd=  1 bL= 42 bC=  4 eL= 42 eC= 10     im=println
               ; kd=  6 bL= 42 bC= 11 eL= 42 eC= 11     im=(
               ; kd= 16 bL= 42 bC= 12 eL= 42 eC= 36     im="third line\nfourth 
               ; kd=  7 bL= 42 bC= 37 eL= 42 eC= 37     im=)
98 *152  1128            pc        @L5
99 *153  FFF7            sout
9A *154  100A            pc        '\n'
9B *155  FFFB            aout
               ; kd=  5 bL= 42 bC= 38 eL= 42 eC= 38     im=;
               ;    x = y = z = + - - - - - + -7;
               ; kd=  3 bL= 43 bC=  4 eL= 43 eC=  4     im=x
               ; kd=  4 bL= 43 bC=  6 eL= 43 eC=  6     im==
9C *156  10E6            pc        x
               ; kd=  3 bL= 43 bC=  8 eL= 43 eC=  8     im=y
               ; kd=  4 bL= 43 bC= 10 eL= 43 eC= 10     im==
9D *157  10E7            pc        y
               ; kd=  3 bL= 43 bC= 12 eL= 43 eC= 12     im=z
               ; kd=  4 bL= 43 bC= 14 eL= 43 eC= 14     im==
9E *158  10E8            pc        z
               ; kd=  8 bL= 43 bC= 16 eL= 43 eC= 16     im=+
               ; kd=  9 bL= 43 bC= 18 eL= 43 eC= 18     im=-
               ; kd=  9 bL= 43 bC= 20 eL= 43 eC= 20     im=-
               ; kd=  9 bL= 43 bC= 22 eL= 43 eC= 22     im=-
               ; kd=  9 bL= 43 bC= 24 eL= 43 eC= 24     im=-
               ; kd=  9 bL= 43 bC= 26 eL= 43 eC= 26     im=-
               ; kd=  8 bL= 43 bC= 28 eL= 43 eC= 28     im=+
               ; kd=  9 bL= 43 bC= 30 eL= 43 eC= 30     im=-
               ; kd=  2 bL= 43 bC= 31 eL= 43 eC= 31     im=7
               ; kd=  5 bL= 43 bC= 32 eL= 43 eC= 32     im=;
9F *159  F700            pwc       7
A0 *160  0007
A1 *161  F800            dupe
A2 *162  FFE0            rot 
A3 *163  F300            stav
A4 *164  F800            dupe
A5 *165  FFE0            rot 
A6 *166  F300            stav
A7 *167  F300            stav
               ;    print(x);
               ; kd= 14 bL= 44 bC=  4 eL= 44 eC=  8     im=print
               ; kd=  6 bL= 44 bC=  9 eL= 44 eC=  9     im=(
               ; kd=  3 bL= 44 bC= 10 eL= 44 eC= 10     im=x
               ; kd=  7 bL= 44 bC= 11 eL= 44 eC= 11     im=)
A8 *168  00E6            p         x
A9 *169  FFFD            dout
               ; kd=  5 bL= 44 bC= 12 eL= 44 eC= 12     im=;
               ;    print(" = ");
               ; kd= 14 bL= 45 bC=  4 eL= 45 eC=  8     im=print
               ; kd=  6 bL= 45 bC=  9 eL= 45 eC=  9     im=(
               ; kd= 16 bL= 45 bC= 10 eL= 45 eC= 14     im=" = "
               ; kd=  7 bL= 45 bC= 15 eL= 45 eC= 15     im=)
AA *170  113F            pc        @L6
AB *171  FFF7            sout
               ; kd=  5 bL= 45 bC= 16 eL= 45 eC= 16     im=;
               ;    print(y);
               ; kd= 14 bL= 46 bC=  4 eL= 46 eC=  8     im=print
               ; kd=  6 bL= 46 bC=  9 eL= 46 eC=  9     im=(
               ; kd=  3 bL= 46 bC= 10 eL= 46 eC= 10     im=y
               ; kd=  7 bL= 46 bC= 11 eL= 46 eC= 11     im=)
AC *172  00E7            p         y
AD *173  FFFD            dout
               ; kd=  5 bL= 46 bC= 12 eL= 46 eC= 12     im=;
               ;    print(" = ");
               ; kd= 14 bL= 47 bC=  4 eL= 47 eC=  8     im=print
               ; kd=  6 bL= 47 bC=  9 eL= 47 eC=  9     im=(
               ; kd= 16 bL= 47 bC= 10 eL= 47 eC= 14     im=" = "
               ; kd=  7 bL= 47 bC= 15 eL= 47 eC= 15     im=)
AE *174  1143            pc        @L7
AF *175  FFF7            sout
               ; kd=  5 bL= 47 bC= 16 eL= 47 eC= 16     im=;
               ;    print(z);
               ; kd= 14 bL= 48 bC=  4 eL= 48 eC=  8     im=print
               ; kd=  6 bL= 48 bC=  9 eL= 48 eC=  9     im=(
               ; kd=  3 bL= 48 bC= 10 eL= 48 eC= 10     im=z
               ; kd=  7 bL= 48 bC= 11 eL= 48 eC= 11     im=)
B0 *176  00E8            p         z
B1 *177  FFFD            dout
               ; kd=  5 bL= 48 bC= 12 eL= 48 eC= 12     im=;
               ;    print(" = ");
               ; kd= 14 bL= 49 bC=  4 eL= 49 eC=  8     im=print
               ; kd=  6 bL= 49 bC=  9 eL= 49 eC=  9     im=(
               ; kd= 16 bL= 49 bC= 10 eL= 49 eC= 14     im=" = "
               ; kd=  7 bL= 49 bC= 15 eL= 49 eC= 15     im=)
B2 *178  1147            pc        @L8
B3 *179  FFF7            sout
               ; kd=  5 bL= 49 bC= 16 eL= 49 eC= 16     im=;
               ;    println(7);
               ; kd=  1 bL= 50 bC=  4 eL= 50 eC= 10     im=println
               ; kd=  6 bL= 50 bC= 11 eL= 50 eC= 11     im=(
               ; kd=  2 bL= 50 bC= 12 eL= 50 eC= 12     im=7
               ; kd=  7 bL= 50 bC= 13 eL= 50 eC= 13     im=)
B4 *180  F700            pwc       7
B5 *181  0007
B6 *182  FFFD            dout
B7 *183  100A            pc        '\n'
B8 *184  FFFB            aout
               ; kd=  5 bL= 50 bC= 14 eL= 50 eC= 14     im=;
               ;    z = -(+x - + + - + + - + + + + - + + - + + -y);
               ; kd=  3 bL= 51 bC=  4 eL= 51 eC=  4     im=z
               ; kd=  4 bL= 51 bC=  6 eL= 51 eC=  6     im==
B9 *185  10E8            pc        z
               ; kd=  9 bL= 51 bC=  8 eL= 51 eC=  8     im=-
               ; kd=  6 bL= 51 bC=  9 eL= 51 eC=  9     im=(
               ; kd=  8 bL= 51 bC= 10 eL= 51 eC= 10     im=+
               ; kd=  3 bL= 51 bC= 11 eL= 51 eC= 11     im=x
               ; kd=  9 bL= 51 bC= 13 eL= 51 eC= 13     im=-
BA *186  00E6            p         x
               ; kd=  8 bL= 51 bC= 15 eL= 51 eC= 15     im=+
               ; kd=  8 bL= 51 bC= 17 eL= 51 eC= 17     im=+
               ; kd=  9 bL= 51 bC= 19 eL= 51 eC= 19     im=-
               ; kd=  8 bL= 51 bC= 21 eL= 51 eC= 21     im=+
               ; kd=  8 bL= 51 bC= 23 eL= 51 eC= 23     im=+
               ; kd=  9 bL= 51 bC= 25 eL= 51 eC= 25     im=-
               ; kd=  8 bL= 51 bC= 27 eL= 51 eC= 27     im=+
               ; kd=  8 bL= 51 bC= 29 eL= 51 eC= 29     im=+
               ; kd=  8 bL= 51 bC= 31 eL= 51 eC= 31     im=+
               ; kd=  8 bL= 51 bC= 33 eL= 51 eC= 33     im=+
               ; kd=  9 bL= 51 bC= 35 eL= 51 eC= 35     im=-
               ; kd=  8 bL= 51 bC= 37 eL= 51 eC= 37     im=+
               ; kd=  8 bL= 51 bC= 39 eL= 51 eC= 39     im=+
               ; kd=  9 bL= 51 bC= 41 eL= 51 eC= 41     im=-
               ; kd=  8 bL= 51 bC= 43 eL= 51 eC= 43     im=+
               ; kd=  8 bL= 51 bC= 45 eL= 51 eC= 45     im=+
               ; kd=  9 bL= 51 bC= 47 eL= 51 eC= 47     im=-
               ; kd=  3 bL= 51 bC= 48 eL= 51 eC= 48     im=y
               ; kd=  7 bL= 51 bC= 49 eL= 51 eC= 49     im=)
BB *187  00E7            p         y
BC *188  FF30            neg 
BD *189  F200            sub 
               ; kd=  5 bL= 51 bC= 50 eL= 51 eC= 50     im=;
BE *190  FF30            neg 
BF *191  F300            stav
               ;    print ("-14 = ");
               ; kd= 14 bL= 52 bC=  4 eL= 52 eC=  8     im=print
               ; kd=  6 bL= 52 bC= 10 eL= 52 eC= 10     im=(
               ; kd= 16 bL= 52 bC= 11 eL= 52 eC= 18     im="-14 = "
               ; kd=  7 bL= 52 bC= 19 eL= 52 eC= 19     im=)
C0 *192  114B            pc        @L9
C1 *193  FFF7            sout
               ; kd=  5 bL= 52 bC= 20 eL= 52 eC= 20     im=;
               ;    print(z);
               ; kd= 14 bL= 53 bC=  4 eL= 53 eC=  8     im=print
               ; kd=  6 bL= 53 bC=  9 eL= 53 eC=  9     im=(
               ; kd=  3 bL= 53 bC= 10 eL= 53 eC= 10     im=z
               ; kd=  7 bL= 53 bC= 11 eL= 53 eC= 11     im=)
C2 *194  00E8            p         z
C3 *195  FFFD            dout
               ; kd=  5 bL= 53 bC= 12 eL= 53 eC= 12     im=;
               ;    print(" = ");
               ; kd= 14 bL= 54 bC=  4 eL= 54 eC=  8     im=print
               ; kd=  6 bL= 54 bC=  9 eL= 54 eC=  9     im=(
               ; kd= 16 bL= 54 bC= 10 eL= 54 eC= 14     im=" = "
               ; kd=  7 bL= 54 bC= 15 eL= 54 eC= 15     im=)
C4 *196  1152            pc        @L10
C5 *197  FFF7            sout
               ; kd=  5 bL= 54 bC= 16 eL= 54 eC= 16     im=;
               ;    println(-(-(+(-(14))))); 
               ; kd=  1 bL= 55 bC=  4 eL= 55 eC= 10     im=println
               ; kd=  6 bL= 55 bC= 11 eL= 55 eC= 11     im=(
               ; kd=  9 bL= 55 bC= 12 eL= 55 eC= 12     im=-
               ; kd=  6 bL= 55 bC= 13 eL= 55 eC= 13     im=(
               ; kd=  9 bL= 55 bC= 14 eL= 55 eC= 14     im=-
               ; kd=  6 bL= 55 bC= 15 eL= 55 eC= 15     im=(
               ; kd=  8 bL= 55 bC= 16 eL= 55 eC= 16     im=+
               ; kd=  6 bL= 55 bC= 17 eL= 55 eC= 17     im=(
               ; kd=  9 bL= 55 bC= 18 eL= 55 eC= 18     im=-
               ; kd=  6 bL= 55 bC= 19 eL= 55 eC= 19     im=(
               ; kd=  2 bL= 55 bC= 20 eL= 55 eC= 21     im=14
               ; kd=  7 bL= 55 bC= 22 eL= 55 eC= 22     im=)
C6 *198  F700            pwc       14
C7 *199  000E
               ; kd=  7 bL= 55 bC= 23 eL= 55 eC= 23     im=)
C8 *200  FF30            neg 
               ; kd=  7 bL= 55 bC= 24 eL= 55 eC= 24     im=)
               ; kd=  7 bL= 55 bC= 25 eL= 55 eC= 25     im=)
C9 *201  FF30            neg 
               ; kd=  7 bL= 55 bC= 26 eL= 55 eC= 26     im=)
CA *202  FF30            neg 
CB *203  FFFD            dout
CC *204  100A            pc        '\n'
CD *205  FFFB            aout
               ; kd=  5 bL= 55 bC= 27 eL= 55 eC= 27     im=;
               ;    // no comment in following statement because // inside stri
               ;    println("////Enter integer////");   
               ; kd=  1 bL= 57 bC=  4 eL= 57 eC= 10     im=println
               ; kd=  6 bL= 57 bC= 11 eL= 57 eC= 11     im=(
               ; kd= 16 bL= 57 bC= 12 eL= 57 eC= 34     im="////Enter integer//
               ; kd=  7 bL= 57 bC= 35 eL= 57 eC= 35     im=)
CE *206  1156            pc        @L11
CF *207  FFF7            sout
D0 *208  100A            pc        '\n'
D1 *209  FFFB            aout
               ; kd=  5 bL= 57 bC= 36 eL= 57 eC= 36     im=;
               ;    readint(q);
               ; kd= 15 bL= 58 bC=  4 eL= 58 eC= 10     im=readint
               ; kd=  6 bL= 58 bC= 11 eL= 58 eC= 11     im=(
               ; kd=  3 bL= 58 bC= 12 eL= 58 eC= 12     im=q
               ; kd=  7 bL= 58 bC= 13 eL= 58 eC= 13     im=)
D2 *210  10E9            pc        q
D3 *211  FFFC            din 
D4 *212  F300            stav
               ; kd=  5 bL= 58 bC= 14 eL= 58 eC= 14     im=;
               ;    print("= ");
               ; kd= 14 bL= 59 bC=  4 eL= 59 eC=  8     im=print
               ; kd=  6 bL= 59 bC=  9 eL= 59 eC=  9     im=(
               ; kd= 16 bL= 59 bC= 10 eL= 59 eC= 13     im="= "
               ; kd=  7 bL= 59 bC= 14 eL= 59 eC= 14     im=)
D5 *213  116C            pc        @L12
D6 *214  FFF7            sout
               ; kd=  5 bL= 59 bC= 15 eL= 59 eC= 15     im=;
               ;    println(q + + + + 1 - 1); 
               ; kd=  1 bL= 60 bC=  4 eL= 60 eC= 10     im=println
               ; kd=  6 bL= 60 bC= 11 eL= 60 eC= 11     im=(
               ; kd=  3 bL= 60 bC= 12 eL= 60 eC= 12     im=q
               ; kd=  8 bL= 60 bC= 14 eL= 60 eC= 14     im=+
D7 *215  00E9            p         q
               ; kd=  8 bL= 60 bC= 16 eL= 60 eC= 16     im=+
               ; kd=  8 bL= 60 bC= 18 eL= 60 eC= 18     im=+
               ; kd=  8 bL= 60 bC= 20 eL= 60 eC= 20     im=+
               ; kd=  2 bL= 60 bC= 22 eL= 60 eC= 22     im=1
               ; kd=  9 bL= 60 bC= 24 eL= 60 eC= 24     im=-
D8 *216  F700            pwc       1
D9 *217  0001
DA *218  F100            add 
               ; kd=  2 bL= 60 bC= 26 eL= 60 eC= 26     im=1
               ; kd=  7 bL= 60 bC= 27 eL= 60 eC= 27     im=)
DB *219  F700            pwc       1
DC *220  0001
DD *221  F200            sub 
DE *222  FFFD            dout
DF *223  100A            pc        '\n'
E0 *224  FFFB            aout
               ; kd=  5 bL= 60 bC= 28 eL= 60 eC= 28     im=;
               ;    println("S3 test done"); 
               ; kd=  1 bL= 61 bC=  4 eL= 61 eC= 10     im=println
               ; kd=  6 bL= 61 bC= 11 eL= 61 eC= 11     im=(
               ; kd= 16 bL= 61 bC= 12 eL= 61 eC= 25     im="S3 test done"
               ; kd=  7 bL= 61 bC= 26 eL= 61 eC= 26     im=)
E1 *225  116F            pc        @L13
E2 *226  FFF7            sout
E3 *227  100A            pc        '\n'
E4 *228  FFFB            aout
               ; kd=  5 bL= 61 bC= 27 eL= 61 eC= 27     im=;
               ; kd=  0 bL= 61 bC= 29 eL= 61 eC= 29     im=<END>
                         
E5 *229  FFFF            halt
               
E6 *230  0000  x:        dw        0
E7 *231  0000  y:        dw        0
E8 *232  0000  z:        dw        0
E9 *233  0000  q:        dw        0
               ;====================== ^-lines follow ======
EA *234  0053  @L0:      dw        "S1 test done"
EB *235  0031
EC *236  0020
ED *237  0074
EE *238  0065
EF *239  0073
F0 *240  0074
F1 *241  0020
F2 *242  0064
F3 *243  006F
F4 *244  006E
F5 *245  0065
F6 *246  0000
F7 *247  0053  @L1:      dw        "S2 test done"
F8 *248  0032
F9 *249  0020
FA *250  0074
FB *251  0065
FC *252  0073
FD *253  0074
FE *254  0020
FF *255  0064
100*256  006F
101*257  006E
102*258  0065
103*259  0000
104*260  0066  @L2:      dw        "four lines follow"
105*261  006F
106*262  0075
107*263  0072
108*264  0020
109*265  006C
10A*266  0069
10B*267  006E
10C*268  0065
10D*269  0073
10E*270  0020
10F*271  0066
110*272  006F
111*273  006C
112*274  006C
113*275  006F
114*276  0077
115*277  0000
116*278  006F  @L3:      dw        "one line"
117*279  006E
118*280  0065
119*281  0020
11A*282  006C
11B*283  0069
11C*284  006E
11D*285  0065
11E*286  0000
11F*287  006F  @L4:      dw        "one line"
120*288  006E
121*289  0065
122*290  0020
123*291  006C
124*292  0069
125*293  006E
126*294  0065
127*295  0000
128*296  0074  @L5:      dw        "third line\nfourth line"
129*297  0068
12A*298  0069
12B*299  0072
12C*300  0064
12D*301  0020
12E*302  006C
12F*303  0069
130*304  006E
131*305  0065
132*306  000A
133*307  0066
134*308  006F
135*309  0075
136*310  0072
137*311  0074
138*312  0068
139*313  0020
13A*314  006C
13B*315  0069
13C*316  006E
13D*317  0065
13E*318  0000
13F*319  0020  @L6:      dw        " = "
140*320  003D
141*321  0020
142*322  0000
143*323  0020  @L7:      dw        " = "
144*324  003D
145*325  0020
146*326  0000
147*327  0020  @L8:      dw        " = "
148*328  003D
149*329  0020
14A*330  0000
14B*331  002D  @L9:      dw        "-14 = "
14C*332  0031
14D*333  0034
14E*334  0020
14F*335  003D
150*336  0020
151*337  0000
152*338  0020  @L10:     dw        " = "
153*339  003D
154*340  0020
155*341  0000
156*342  002F  @L11:     dw        "////Enter integer////"
157*343  002F
158*344  002F
159*345  002F
15A*346  0045
15B*347  006E
15C*348  0074
15D*349  0065
15E*350  0072
15F*351  0020
160*352  0069
161*353  006E
162*354  0074
163*355  0065
164*356  0067
165*357  0065
166*358  0072
167*359  002F
168*360  002F
169*361  002F
16A*362  002F
16B*363  0000
16C*364  003D  @L12:     dw        "= "
16D*365  0020
16E*366  0000
16F*367  0053  @L13:     dw        "S3 test done"
170*368  0033
171*369  0020
172*370  0074
173*371  0065
174*372  0073
175*373  0074
176*374  0020
177*375  0064
178*376  006F
179*377  006E
17A*378  0065
17B*379  0000
17C*380  ========= end of S3.a =============================

asm in  = S3.a
asm out = S3.e
asm lst = S3.lst 
