e Version 1.7
Log file S3.turner.log

Your name:          Turner Anthony B.
Machinecode file:   S3.e        
Check file:         S3.chk
Check data:         7ada 380 200 6309 9d71

=================== Mon Apr 11 06:15:33 2016 ==============r
4155
4107
S1 test done
2089
2075
1010
1010
20
20
10
10
15
15
S2 test done
four lines follow
one line
one line
third line
fourth line
7 = 7 = 7 = 7
-14 = -14 = -14
////Enter integer////
123
= 123
S3 test done

===========================================================r

Report for:         Turner Anthony B.
Program output:     NOT CORRECT               <----- ERROR
Machine code size:  380    (at limit)
Machine inst count: 200    (at limit)
Execution time:     6347   (38   OVER LIMIT ) <----- WARNING

================ r(2354) terminated Mon Apr 11 06:15:33 2016
